<?xml version="1.0" encoding="UTF-8"?>
<testng-results ignored="0" total="2" passed="2" failed="0" skipped="0">
  <reporter-output>
  </reporter-output>
  <suite started-at="2025-01-28T19:30:35 IST" name="Suite" finished-at="2025-01-28T19:30:48 IST" duration-ms="12794">
    <groups>
    </groups>
    <test started-at="2025-01-28T19:30:35 IST" name="Test-Runner-Chrome" finished-at="2025-01-28T19:30:47 IST" duration-ms="12556">
      <class name="TestNg_crossBrowser.saple1">
        <test-method signature="amazon1()[pri:0, instance:TestNg_crossBrowser.saple1@2d52216b]" started-at="2025-01-28T19:30:35 IST" name="amazon1" finished-at="2025-01-28T19:30:47 IST" duration-ms="12466" status="PASS">
          <reporter-output>
          </reporter-output>
        </test-method> <!-- amazon1 -->
      </class> <!-- TestNg_crossBrowser.saple1 -->
    </test> <!-- Test-Runner-Chrome -->
    <test started-at="2025-01-28T19:30:35 IST" name="Test-Runner-Edge" finished-at="2025-01-28T19:30:48 IST" duration-ms="12794">
      <class name="TestNg_crossBrowser.saple1">
        <test-method signature="amazon1()[pri:0, instance:TestNg_crossBrowser.saple1@6cd28fa7]" started-at="2025-01-28T19:30:35 IST" name="amazon1" finished-at="2025-01-28T19:30:48 IST" duration-ms="12736" status="PASS">
          <reporter-output>
          </reporter-output>
        </test-method> <!-- amazon1 -->
      </class> <!-- TestNg_crossBrowser.saple1 -->
    </test> <!-- Test-Runner-Edge -->
  </suite> <!-- Suite -->
</testng-results>
